#
# There is insufficient memory for the Java Runtime Environment to continue.
# Native memory allocation (malloc) failed to allocate 32744 bytes for ChunkPool::allocate
# Possible reasons:
#   The system is out of physical RAM or swap space
#   The process is running with CompressedOops enabled, and the Java Heap may be blocking the growth of the native heap
# Possible solutions:
#   Reduce memory load on the system
#   Increase physical memory or swap space
#   Check if swap backing store is full
#   Decrease Java heap size (-Xmx/-Xms)
#   Decrease number of Java threads
#   Decrease Java thread stack sizes (-Xss)
#   Set larger code cache with -XX:ReservedCodeCacheSize=
#   JVM is running with Unscaled Compressed Oops mode in which the Java heap is
#     placed in the first 4GB address space. The Java Heap base address is the
#     maximum limit for the native heap growth. Please use -XX:HeapBaseMinAddress
#     to set the Java Heap base and to place the Java Heap above 4GB virtual address.
# This output file may be truncated or incomplete.
#
#  Out of Memory Error (allocation.cpp:272), pid=3000, tid=0x0000000000000418
#
# JRE version: Java(TM) SE Runtime Environment (8.0_211-b12) (build 1.8.0_211-b12)
# Java VM: Java HotSpot(TM) 64-Bit Server VM (25.211-b12 mixed mode windows-amd64 compressed oops)
# Failed to write core dump. Minidumps are not enabled by default on client versions of Windows
#

---------------  T H R E A D  ---------------

Current thread (0x0000000018e51000):  JavaThread "restartedMain" [_thread_in_vm, id=1048, stack(0x0000000019f10000,0x000000001a010000)]

Stack: [0x0000000019f10000,0x000000001a010000]
[error occurred during error reporting (printing stack bounds), id 0xc0000005]

Native frames: (J=compiled Java code, j=interpreted, Vv=VM code, C=native code)

Java frames: (J=compiled Java code, j=interpreted, Vv=VM code)
J 776  java.lang.Throwable.fillInStackTrace(I)Ljava/lang/Throwable; (0 bytes) @ 0x00000000038ba17b [0x00000000038ba140+0x3b]
J 775 C1 java.lang.Throwable.fillInStackTrace()Ljava/lang/Throwable; (29 bytes) @ 0x00000000038ba5e4 [0x00000000038ba4c0+0x124]
J 3419 C1 java.lang.Throwable.<init>(Ljava/lang/String;Ljava/lang/Throwable;)V (39 bytes) @ 0x0000000003d2e464 [0x0000000003d2e3c0+0xa4]
J 853 C1 java.lang.ClassNotFoundException.<init>(Ljava/lang/String;)V (7 bytes) @ 0x00000000038d9f74 [0x00000000038d9f20+0x54]
J 720 C1 java.net.URLClassLoader.findClass(Ljava/lang/String;)Ljava/lang/Class; (47 bytes) @ 0x00000000038a6144 [0x00000000038a5fe0+0x164]
J 3564 C1 java.lang.ClassLoader.loadClass(Ljava/lang/String;Z)Ljava/lang/Class; (122 bytes) @ 0x0000000003d66fb4 [0x0000000003d66ca0+0x314]
J 3564 C1 java.lang.ClassLoader.loadClass(Ljava/lang/String;Z)Ljava/lang/Class; (122 bytes) @ 0x0000000003d66efc [0x0000000003d66ca0+0x25c]
J 691 C1 sun.misc.Launcher$AppClassLoader.loadClass(Ljava/lang/String;Z)Ljava/lang/Class; (85 bytes) @ 0x0000000003892f74 [0x0000000003892c80+0x2f4]
J 685 C1 java.lang.ClassLoader.loadClass(Ljava/lang/String;)Ljava/lang/Class; (7 bytes) @ 0x00000000038919bc [0x0000000003891960+0x5c]
v  ~StubRoutines::call_stub
j  com.thoughtworks.xstream.mapper.ImplicitCollectionMapper.add(Ljava/lang/Class;Ljava/lang/String;Ljava/lang/String;Ljava/lang/Class;Ljava/lang/String;)V+391
j  com.thoughtworks.xstream.mapper.ImplicitCollectionMapper.add(Ljava/lang/Class;Ljava/lang/String;Ljava/lang/String;Ljava/lang/Class;)V+7
j  com.thoughtworks.xstream.mapper.ImplicitCollectionMapper.add(Ljava/lang/Class;Ljava/lang/String;Ljava/lang/Class;)V+5
j  com.thoughtworks.xstream.mapper.AnnotationMapper.processImplicitAnnotation(Ljava/lang/reflect/Field;)V+260
j  com.thoughtworks.xstream.mapper.AnnotationMapper.processTypes(Ljava/util/Set;)V+214
j  com.thoughtworks.xstream.mapper.AnnotationMapper.processAnnotations([Ljava/lang/Class;)V+64
j  com.thoughtworks.xstream.XStream.processAnnotations([Ljava/lang/Class;)V+23
j  com.netflix.discovery.converters.XmlXStream.<init>()V+108
j  com.netflix.discovery.converters.XmlXStream.<clinit>()V+4
v  ~StubRoutines::call_stub
j  com.netflix.discovery.converters.wrappers.CodecWrappers$XStreamXml.<init>()V+5
j  com.netflix.discovery.converters.wrappers.CodecWrappers.create(Ljava/lang/String;)Lcom/netflix/discovery/converters/wrappers/CodecWrapper;+136
j  com.netflix.discovery.converters.wrappers.CodecWrappers.getEncoder(Ljava/lang/String;)Lcom/netflix/discovery/converters/wrappers/EncoderWrapper;+19
j  com.netflix.discovery.converters.wrappers.CodecWrappers.getEncoder(Ljava/lang/Class;)Lcom/netflix/discovery/converters/wrappers/EncoderWrapper;+4
j  com.netflix.discovery.provider.DiscoveryJerseyProvider.<init>(Lcom/netflix/discovery/converters/wrappers/EncoderWrapper;Lcom/netflix/discovery/converters/wrappers/DecoderWrapper;)V+123
j  com.netflix.discovery.provider.DiscoveryJerseyProvider.<init>()V+3
v  ~StubRoutines::call_stub
J 1350  sun.reflect.NativeConstructorAccessorImpl.newInstance0(Ljava/lang/reflect/Constructor;[Ljava/lang/Object;)Ljava/lang/Object; (0 bytes) @ 0x00000000039924a6 [0x0000000003992440+0x66]
J 1349 C1 sun.reflect.NativeConstructorAccessorImpl.newInstance([Ljava/lang/Object;)Ljava/lang/Object; (89 bytes) @ 0x0000000003991be4 [0x0000000003991860+0x384]
J 1320 C1 sun.reflect.DelegatingConstructorAccessorImpl.newInstance([Ljava/lang/Object;)Ljava/lang/Object; (9 bytes) @ 0x0000000003988b34 [0x0000000003988ae0+0x54]
J 1221 C1 java.lang.reflect.Constructor.newInstance([Ljava/lang/Object;)Ljava/lang/Object; (87 bytes) @ 0x000000000396ef84 [0x000000000396ee40+0x144]
J 3716 C1 java.lang.Class.newInstance()Ljava/lang/Object; (155 bytes) @ 0x0000000003dcfd54 [0x0000000003dcfa00+0x354]
j  com.sun.jersey.core.spi.component.ComponentConstructor._getInstance()Ljava/lang/Object;+25
j  com.sun.jersey.core.spi.component.ComponentConstructor.getInstance()Ljava/lang/Object;+110
j  com.sun.jersey.core.spi.component.ProviderFactory.__getComponentProvider(Ljava/lang/Class;)Lcom/sun/jersey/core/spi/component/ComponentProvider;+28
j  com.sun.jersey.core.spi.component.ProviderFactory._getComponentProvider(Ljava/lang/Class;)Lcom/sun/jersey/core/spi/component/ComponentProvider;+2
j  com.sun.jersey.core.spi.component.ProviderFactory.getComponentProvider(Ljava/lang/Class;)Lcom/sun/jersey/core/spi/component/ComponentProvider;+22
j  com.sun.jersey.core.spi.component.ProviderServices.getComponent(Ljava/lang/Class;)Ljava/lang/Object;+5
j  com.sun.jersey.core.spi.component.ProviderServices.getProviders(Ljava/lang/Class;)Ljava/util/Set;+54
j  com.sun.jersey.core.spi.factory.MessageBodyFactory.initReaders()V+68
j  com.sun.jersey.core.spi.factory.MessageBodyFactory.init()V+1
j  com.sun.jersey.server.impl.application.WebApplicationImpl._initiate(Lcom/sun/jersey/api/core/ResourceConfig;Lcom/sun/jersey/core/spi/component/ioc/IoCComponentProviderFactory;)V+1597
j  com.sun.jersey.server.impl.application.WebApplicationImpl.access$700(Lcom/sun/jersey/server/impl/application/WebApplicationImpl;Lcom/sun/jersey/api/core/ResourceConfig;Lcom/sun/jersey/core/spi/component/ioc/IoCComponentProviderFactory;)V+3
j  com.sun.jersey.server.impl.application.WebApplicationImpl$13.f()Ljava/lang/Void;+16
j  com.sun.jersey.server.impl.application.WebApplicationImpl$13.f()Ljava/lang/Object;+1
j  com.sun.jersey.spi.inject.Errors.processWithErrors(Lcom/sun/jersey/spi/inject/Errors$Closure;)Ljava/lang/Object;+36
j  com.sun.jersey.server.impl.application.WebApplicationImpl.initiate(Lcom/sun/jersey/api/core/ResourceConfig;Lcom/sun/jersey/core/spi/component/ioc/IoCComponentProviderFactory;)V+10
j  com.sun.jersey.server.impl.application.WebApplicationImpl.initiate(Lcom/sun/jersey/api/core/ResourceConfig;)V+3
j  com.sun.jersey.spi.container.servlet.ServletContainer.initiate(Lcom/sun/jersey/api/core/ResourceConfig;Lcom/sun/jersey/spi/container/WebApplication;)V+2
j  com.sun.jersey.spi.container.servlet.ServletContainer$InternalWebComponent.initiate(Lcom/sun/jersey/api/core/ResourceConfig;Lcom/sun/jersey/spi/container/WebApplication;)V+6
j  com.sun.jersey.spi.container.servlet.WebComponent.load()V+24
j  com.sun.jersey.spi.container.servlet.WebComponent.init(Lcom/sun/jersey/spi/container/servlet/WebConfig;)V+25
j  com.sun.jersey.spi.container.servlet.ServletContainer.init(Lcom/sun/jersey/spi/container/servlet/WebConfig;)V+39
j  com.sun.jersey.spi.container.servlet.ServletContainer.init(Ljavax/servlet/FilterConfig;)V+14
j  org.apache.catalina.core.ApplicationFilterConfig.initFilter()V+99
j  org.apache.catalina.core.ApplicationFilterConfig.<init>(Lorg/apache/catalina/Context;Lorg/apache/tomcat/util/descriptor/web/FilterDef;)V+67
j  org.apache.catalina.core.StandardContext.filterStart()Z+152
j  org.apache.catalina.core.StandardContext.startInternal()V+1195
j  org.apache.catalina.util.LifecycleBase.start()V+210
j  org.apache.catalina.core.ContainerBase$StartChild.call()Ljava/lang/Void;+4
j  org.apache.catalina.core.ContainerBase$StartChild.call()Ljava/lang/Object;+1
j  java.util.concurrent.FutureTask.run$$$capture()V+42
j  java.util.concurrent.FutureTask.run()V+5
j  org.apache.tomcat.util.threads.InlineExecutorService.execute(Ljava/lang/Runnable;)V+38
j  java.util.concurrent.AbstractExecutorService.submit(Ljava/util/concurrent/Callable;)Ljava/util/concurrent/Future;+20
j  org.apache.catalina.core.ContainerBase.startInternal()V+93
j  org.apache.catalina.core.StandardHost.startInternal()V+153
j  org.apache.catalina.util.LifecycleBase.start()V+210
j  org.apache.catalina.core.ContainerBase$StartChild.call()Ljava/lang/Void;+4
j  org.apache.catalina.core.ContainerBase$StartChild.call()Ljava/lang/Object;+1
j  java.util.concurrent.FutureTask.run$$$capture()V+42
j  java.util.concurrent.FutureTask.run()V+5
j  org.apache.tomcat.util.threads.InlineExecutorService.execute(Ljava/lang/Runnable;)V+38
j  java.util.concurrent.AbstractExecutorService.submit(Ljava/util/concurrent/Callable;)Ljava/util/concurrent/Future;+20
j  org.apache.catalina.core.ContainerBase.startInternal()V+93
j  org.apache.catalina.core.StandardEngine.startInternal()V+38
j  org.apache.catalina.util.LifecycleBase.start()V+210
j  org.apache.catalina.core.StandardService.startInternal()V+63
j  org.apache.catalina.util.LifecycleBase.start()V+210
j  org.apache.catalina.core.StandardServer.startInternal()V+45
j  org.apache.catalina.util.LifecycleBase.start()V+210
j  org.apache.catalina.startup.Tomcat.start()V+9
j  org.springframework.boot.web.embedded.tomcat.TomcatWebServer.initialize()V+64
j  org.springframework.boot.web.embedded.tomcat.TomcatWebServer.<init>(Lorg/apache/catalina/startup/Tomcat;Z)V+43
j  org.springframework.boot.web.embedded.tomcat.TomcatServletWebServerFactory.getTomcatWebServer(Lorg/apache/catalina/startup/Tomcat;)Lorg/springframework/boot/web/embedded/tomcat/TomcatWebServer;+17
j  org.springframework.boot.web.embedded.tomcat.TomcatServletWebServerFactory.getWebServer([Lorg/springframework/boot/web/servlet/ServletContextInitializer;)Lorg/springframework/boot/web/server/WebServer;+165
j  org.springframework.boot.web.servlet.context.ServletWebServerApplicationContext.createWebServer()V+36
j  org.springframework.boot.web.servlet.context.ServletWebServerApplicationContext.onRefresh()V+5
j  org.springframework.context.support.AbstractApplicationContext.refresh()V+45
j  org.springframework.boot.web.servlet.context.ServletWebServerApplicationContext.refresh()V+1
j  org.springframework.boot.SpringApplication.refresh(Lorg/springframework/context/ApplicationContext;)V+10
j  org.springframework.boot.SpringApplication.refreshContext(Lorg/springframework/context/ConfigurableApplicationContext;)V+2
j  org.springframework.boot.SpringApplication.run([Ljava/lang/String;)Lorg/springframework/context/ConfigurableApplicationContext;+118
j  org.springframework.boot.SpringApplication.run([Ljava/lang/Class;[Ljava/lang/String;)Lorg/springframework/context/ConfigurableApplicationContext;+9
j  org.springframework.boot.SpringApplication.run(Ljava/lang/Class;[Ljava/lang/String;)Lorg/springframework/context/ConfigurableApplicationContext;+9
j  com.springcloud.test.EurekaMain.main([Ljava/lang/String;)V+3
v  ~StubRoutines::call_stub
j  sun.reflect.NativeMethodAccessorImpl.invoke0(Ljava/lang/reflect/Method;Ljava/lang/Object;[Ljava/lang/Object;)Ljava/lang/Object;+0
j  sun.reflect.NativeMethodAccessorImpl.invoke(Ljava/lang/Object;[Ljava/lang/Object;)Ljava/lang/Object;+100
j  sun.reflect.DelegatingMethodAccessorImpl.invoke(Ljava/lang/Object;[Ljava/lang/Object;)Ljava/lang/Object;+6
j  java.lang.reflect.Method.invoke(Ljava/lang/Object;[Ljava/lang/Object;)Ljava/lang/Object;+56
j  org.springframework.boot.devtools.restart.RestartLauncher.run()V+41
v  ~StubRoutines::call_stub

---------------  P R O C E S S  ---------------

Java Threads: ( => current thread )
  0x0000000019a42800 JavaThread "spring.cloud.inetutils" daemon [_thread_blocked, id=2404, stack(0x0000000018840000,0x0000000018940000)]
=>0x0000000018e51000 JavaThread "restartedMain" [_thread_in_vm, id=1048, stack(0x0000000019f10000,0x000000001a010000)]
  0x0000000018e4c000 JavaThread "Thread-3" [_thread_blocked, id=1720, stack(0x0000000019e10000,0x0000000019f10000)]
  0x0000000018135000 JavaThread "RMI Scheduler(0)" daemon [_thread_blocked, id=3388, stack(0x0000000019d10000,0x0000000019e10000)]
  0x0000000017e63000 JavaThread "RMI TCP Connection(1)-172.18.88.130" daemon [_thread_in_native, id=6028, stack(0x0000000018640000,0x0000000018740000)]
  0x0000000017f0e800 JavaThread "RMI TCP Accept-0" daemon [_thread_in_native, id=6204, stack(0x0000000018740000,0x0000000018840000)]
  0x0000000017e61800 JavaThread "SeedGenerator Thread" daemon [_thread_blocked, id=3080, stack(0x0000000018540000,0x0000000018640000)]
  0x0000000017c83000 JavaThread "Service Thread" daemon [_thread_blocked, id=3404, stack(0x0000000018440000,0x0000000018540000)]
  0x0000000017bf7000 JavaThread "C1 CompilerThread2" daemon [_thread_blocked, id=9040, stack(0x0000000018340000,0x0000000018440000)]
  0x0000000017bf2000 JavaThread "C2 CompilerThread1" daemon [_thread_blocked, id=5224, stack(0x0000000018240000,0x0000000018340000)]
  0x0000000017b31800 JavaThread "C2 CompilerThread0" daemon [_thread_blocked, id=5228, stack(0x0000000018140000,0x0000000018240000)]
  0x0000000015d28000 JavaThread "JDWP Command Reader" daemon [_thread_in_native, id=2292, stack(0x0000000017840000,0x0000000017940000)]
  0x0000000015d25000 JavaThread "JDWP Event Helper Thread" daemon [_thread_blocked, id=1236, stack(0x0000000017740000,0x0000000017840000)]
  0x0000000015d17800 JavaThread "JDWP Transport Listener: dt_socket" daemon [_thread_blocked, id=7112, stack(0x0000000017640000,0x0000000017740000)]
  0x0000000017083800 JavaThread "Attach Listener" daemon [_thread_blocked, id=10084, stack(0x0000000017540000,0x0000000017640000)]
  0x0000000015cf9000 JavaThread "Signal Dispatcher" daemon [_thread_blocked, id=760, stack(0x0000000017440000,0x0000000017540000)]
  0x0000000015cd0000 JavaThread "Finalizer" daemon [_thread_blocked, id=11100, stack(0x0000000016f40000,0x0000000017040000)]
  0x0000000015cc9000 JavaThread "Reference Handler" daemon [_thread_blocked, id=10560, stack(0x0000000016e40000,0x0000000016f40000)]
  0x0000000003363800 JavaThread "main" [_thread_blocked, id=2340, stack(0x0000000003260000,0x0000000003360000)]

Other Threads:
  0x0000000015ca8000 VMThread [stack: 0x0000000016d40000,0x0000000016e40000] [id=8944]
  0x0000000017f24800 WatcherThread [stack: 0x0000000018940000,0x0000000018a40000] [id=3312]

VM state:not at safepoint (normal execution)

VM Mutex/Monitor currently owned by a thread: None

heap address: 0x00000000c0800000, size: 1016 MB, Compressed Oops mode: 32-bit
Narrow klass base: 0x0000000000000000, Narrow klass shift: 3
Compressed class space size: 1073741824 Address: 0x0000000100000000

Heap:
 PSYoungGen      total 200704K, used 107947K [0x00000000ead80000, 0x00000000f7a80000, 0x0000000100000000)
  eden space 191488K, 56% used [0x00000000ead80000,0x00000000f16eaf98,0x00000000f6880000)
  from space 9216K, 0% used [0x00000000f6880000,0x00000000f6880000,0x00000000f7180000)
  to   space 7680K, 0% used [0x00000000f7300000,0x00000000f7300000,0x00000000f7a80000)
 ParOldGen       total 31744K, used 20984K [0x00000000c0800000, 0x00000000c2700000, 0x00000000ead80000)
  object space 31744K, 66% used [0x00000000c0800000,0x00000000c1c7e348,0x00000000c2700000)
 Metaspace       used 37559K, capacity 39574K, committed 39936K, reserved 1083392K
  class space    used 5130K, capacity 5508K, committed 5632K, reserved 1048576K

Card table byte_map: [0x0000000012a20000,0x0000000012c20000] byte_map_base: 0x000000001241c000

Marking Bits: (ParMarkBitMap*) 0x00000000594f5ce0
 Begin Bits: [0x0000000013180000, 0x0000000014160000)
 End Bits:   [0x0000000014160000, 0x0000000015140000)

Polling page: 0x0000000001050000

CodeCache: size=245760Kb used=7949Kb max_used=7949Kb free=237810Kb
 bounds [0x0000000003660000, 0x0000000003e30000, 0x0000000012660000]
 total_blobs=4328 nmethods=3855 adapters=394
 compilation: enabled

Compilation events (10 events):
Event: 24.935 Thread 0x0000000017bf7000 nmethod 3888 0x0000000003e1cc90 code [0x0000000003e1cde0, 0x0000000003e1cf50]
Event: 25.038 Thread 0x0000000017bf7000 3889       1       java.io.ObjectInputStream$BlockDataInputStream::read (138 bytes)
Event: 25.039 Thread 0x0000000017bf7000 nmethod 3889 0x0000000003e1d690 code [0x0000000003e1d840, 0x0000000003e1dc48]
Event: 25.041 Thread 0x0000000017bf7000 3890       1       com.sun.jmx.remote.util.ClassLogger::traceOn (5 bytes)
Event: 25.042 Thread 0x0000000017bf7000 nmethod 3890 0x0000000003e1de10 code [0x0000000003e1df60, 0x0000000003e1e0d0]
Event: 25.042 Thread 0x0000000017bf7000 3891       1       com.sun.jmx.remote.util.ClassLogger::finerOn (25 bytes)
Event: 25.042 Thread 0x0000000017bf7000 nmethod 3891 0x0000000003e1e1d0 code [0x0000000003e1e320, 0x0000000003e1e490]
Event: 25.082 Thread 0x0000000017bf7000 3892       1       java.lang.reflect.WeakCache::access$000 (5 bytes)
Event: 25.082 Thread 0x0000000017bf7000 nmethod 3892 0x0000000003e1e990 code [0x0000000003e1eae0, 0x0000000003e1ebd0]
Event: 25.082 Thread 0x0000000017bf7000 3893       1       sun.misc.ProxyGenerator::generateStaticInitializer (457 bytes)

GC Heap History (10 events):
Event: 10.468 GC heap before
{Heap before GC invocations=9 (full 1):
 PSYoungGen      total 137728K, used 5390K [0x00000000ead80000, 0x00000000f3a80000, 0x0000000100000000)
  eden space 131072K, 0% used [0x00000000ead80000,0x00000000ead80000,0x00000000f2d80000)
  from space 6656K, 80% used [0x00000000f3400000,0x00000000f3943bb8,0x00000000f3a80000)
  to   space 6656K, 0% used [0x00000000f2d80000,0x00000000f2d80000,0x00000000f3400000)
 ParOldGen       total 44032K, used 10325K [0x00000000c0800000, 0x00000000c3300000, 0x00000000ead80000)
  object space 44032K, 23% used [0x00000000c0800000,0x00000000c1215438,0x00000000c3300000)
 Metaspace       used 20501K, capacity 21196K, committed 21296K, reserved 1067008K
  class space    used 2690K, capacity 2877K, committed 2944K, reserved 1048576K
Event: 10.530 GC heap after
Heap after GC invocations=9 (full 1):
 PSYoungGen      total 137728K, used 0K [0x00000000ead80000, 0x00000000f3a80000, 0x0000000100000000)
  eden space 131072K, 0% used [0x00000000ead80000,0x00000000ead80000,0x00000000f2d80000)
  from space 6656K, 0% used [0x00000000f3400000,0x00000000f3400000,0x00000000f3a80000)
  to   space 6656K, 0% used [0x00000000f2d80000,0x00000000f2d80000,0x00000000f3400000)
 ParOldGen       total 31744K, used 8271K [0x00000000c0800000, 0x00000000c2700000, 0x00000000ead80000)
  object space 31744K, 26% used [0x00000000c0800000,0x00000000c1013f68,0x00000000c2700000)
 Metaspace       used 20499K, capacity 21190K, committed 21296K, reserved 1067008K
  class space    used 2689K, capacity 2876K, committed 2944K, reserved 1048576K
}
Event: 13.540 GC heap before
{Heap before GC invocations=10 (full 1):
 PSYoungGen      total 137728K, used 131072K [0x00000000ead80000, 0x00000000f3a80000, 0x0000000100000000)
  eden space 131072K, 100% used [0x00000000ead80000,0x00000000f2d80000,0x00000000f2d80000)
  from space 6656K, 0% used [0x00000000f3400000,0x00000000f3400000,0x00000000f3a80000)
  to   space 6656K, 0% used [0x00000000f2d80000,0x00000000f2d80000,0x00000000f3400000)
 ParOldGen       total 31744K, used 8271K [0x00000000c0800000, 0x00000000c2700000, 0x00000000ead80000)
  object space 31744K, 26% used [0x00000000c0800000,0x00000000c1013f68,0x00000000c2700000)
 Metaspace       used 24792K, capacity 25816K, committed 26112K, reserved 1071104K
  class space    used 3299K, capacity 3523K, committed 3584K, reserved 1048576K
Event: 13.561 GC heap after
Heap after GC invocations=10 (full 1):
 PSYoungGen      total 137728K, used 6631K [0x00000000ead80000, 0x00000000f7a80000, 0x0000000100000000)
  eden space 131072K, 0% used [0x00000000ead80000,0x00000000ead80000,0x00000000f2d80000)
  from space 6656K, 99% used [0x00000000f2d80000,0x00000000f33f9f78,0x00000000f3400000)
  to   space 7680K, 0% used [0x00000000f7300000,0x00000000f7300000,0x00000000f7a80000)
 ParOldGen       total 31744K, used 8940K [0x00000000c0800000, 0x00000000c2700000, 0x00000000ead80000)
  object space 31744K, 28% used [0x00000000c0800000,0x00000000c10bb3a0,0x00000000c2700000)
 Metaspace       used 24792K, capacity 25816K, committed 26112K, reserved 1071104K
  class space    used 3299K, capacity 3523K, committed 3584K, reserved 1048576K
}
Event: 17.551 GC heap before
{Heap before GC invocations=11 (full 1):
 PSYoungGen      total 137728K, used 137703K [0x00000000ead80000, 0x00000000f7a80000, 0x0000000100000000)
  eden space 131072K, 100% used [0x00000000ead80000,0x00000000f2d80000,0x00000000f2d80000)
  from space 6656K, 99% used [0x00000000f2d80000,0x00000000f33f9f78,0x00000000f3400000)
  to   space 7680K, 0% used [0x00000000f7300000,0x00000000f7300000,0x00000000f7a80000)
 ParOldGen       total 31744K, used 8940K [0x00000000c0800000, 0x00000000c2700000, 0x00000000ead80000)
  object space 31744K, 28% used [0x00000000c0800000,0x00000000c10bb3a0,0x00000000c2700000)
 Metaspace       used 27461K, capacity 28602K, committed 28928K, reserved 1075200K
  class space    used 3743K, capacity 3982K, committed 4096K, reserved 1048576K
Event: 17.567 GC heap after
Heap after GC invocations=11 (full 1):
 PSYoungGen      total 199168K, used 7670K [0x00000000ead80000, 0x00000000f7a80000, 0x0000000100000000)
  eden space 191488K, 0% used [0x00000000ead80000,0x00000000ead80000,0x00000000f6880000)
  from space 7680K, 99% used [0x00000000f7300000,0x00000000f7a7d948,0x00000000f7a80000)
  to   space 9216K, 0% used [0x00000000f6880000,0x00000000f6880000,0x00000000f7180000)
 ParOldGen       total 31744K, used 10387K [0x00000000c0800000, 0x00000000c2700000, 0x00000000ead80000)
  object space 31744K, 32% used [0x00000000c0800000,0x00000000c1224c48,0x00000000c2700000)
 Metaspace       used 27461K, capacity 28602K, committed 28928K, reserved 1075200K
  class space    used 3743K, capacity 3982K, committed 4096K, reserved 1048576K
}
Event: 20.495 GC heap before
{Heap before GC invocations=12 (full 1):
 PSYoungGen      total 199168K, used 177673K [0x00000000ead80000, 0x00000000f7a80000, 0x0000000100000000)
  eden space 191488K, 88% used [0x00000000ead80000,0x00000000f5384ca8,0x00000000f6880000)
  from space 7680K, 99% used [0x00000000f7300000,0x00000000f7a7d948,0x00000000f7a80000)
  to   space 9216K, 0% used [0x00000000f6880000,0x00000000f6880000,0x00000000f7180000)
 ParOldGen       total 31744K, used 10387K [0x00000000c0800000, 0x00000000c2700000, 0x00000000ead80000)
  object space 31744K, 32% used [0x00000000c0800000,0x00000000c1224c48,0x00000000c2700000)
 Metaspace       used 33517K, capacity 35372K, committed 35496K, reserved 1079296K
  class space    used 4516K, capacity 4859K, committed 4864K, reserved 1048576K
Event: 20.527 GC heap after
Heap after GC invocations=12 (full 1):
 PSYoungGen      total 200704K, used 9199K [0x00000000ead80000, 0x00000000f7a80000, 0x0000000100000000)
  eden space 191488K, 0% used [0x00000000ead80000,0x00000000ead80000,0x00000000f6880000)
  from space 9216K, 99% used [0x00000000f6880000,0x00000000f717bf10,0x00000000f7180000)
  to   space 7680K, 0% used [0x00000000f7300000,0x00000000f7300000,0x00000000f7a80000)
 ParOldGen       total 31744K, used 17227K [0x00000000c0800000, 0x00000000c2700000, 0x00000000ead80000)
  object space 31744K, 54% used [0x00000000c0800000,0x00000000c18d2cc8,0x00000000c2700000)
 Metaspace       used 33517K, capacity 35372K, committed 35496K, reserved 1079296K
  class space    used 4516K, capacity 4859K, committed 4864K, reserved 1048576K
}
Event: 20.527 GC heap before
{Heap before GC invocations=13 (full 2):
 PSYoungGen      total 200704K, used 9199K [0x00000000ead80000, 0x00000000f7a80000, 0x0000000100000000)
  eden space 191488K, 0% used [0x00000000ead80000,0x00000000ead80000,0x00000000f6880000)
  from space 9216K, 99% used [0x00000000f6880000,0x00000000f717bf10,0x00000000f7180000)
  to   space 7680K, 0% used [0x00000000f7300000,0x00000000f7300000,0x00000000f7a80000)
 ParOldGen       total 31744K, used 17227K [0x00000000c0800000, 0x00000000c2700000, 0x00000000ead80000)
  object space 31744K, 54% used [0x00000000c0800000,0x00000000c18d2cc8,0x00000000c2700000)
 Metaspace       used 33517K, capacity 35372K, committed 35496K, reserved 1079296K
  class space    used 4516K, capacity 4859K, committed 4864K, reserved 1048576K
Event: 20.644 GC heap after
Heap after GC invocations=13 (full 2):
 PSYoungGen      total 200704K, used 0K [0x00000000ead80000, 0x00000000f7a80000, 0x0000000100000000)
  eden space 191488K, 0% used [0x00000000ead80000,0x00000000ead80000,0x00000000f6880000)
  from space 9216K, 0% used [0x00000000f6880000,0x00000000f6880000,0x00000000f7180000)
  to   space 7680K, 0% used [0x00000000f7300000,0x00000000f7300000,0x00000000f7a80000)
 ParOldGen       total 31744K, used 20984K [0x00000000c0800000, 0x00000000c2700000, 0x00000000ead80000)
  object space 31744K, 66% used [0x00000000c0800000,0x00000000c1c7e348,0x00000000c2700000)
 Metaspace       used 33517K, capacity 35372K, committed 35496K, reserved 1079296K
  class space    used 4516K, capacity 4859K, committed 4864K, reserved 1048576K
}

Deoptimization events (0 events):
No events

Classes redefined (0 events):
No events

Internal exceptions (10 events):
Event: 24.487 Thread 0x0000000018e51000 Exception <a 'java/lang/ArrayIndexOutOfBoundsException'> (0x00000000f036e530) thrown at [C:\re\workspace\8-2-build-windows-amd64-cygwin\jdk8u211\12973\hotspot\src\share\vm\runtime\sharedRuntime.cpp, line 605]
Event: 24.501 Thread 0x0000000018e51000 Exception <a 'java/lang/ArrayIndexOutOfBoundsException'> (0x00000000f0425f58) thrown at [C:\re\workspace\8-2-build-windows-amd64-cygwin\jdk8u211\12973\hotspot\src\share\vm\runtime\sharedRuntime.cpp, line 605]
Event: 24.573 Thread 0x0000000018e51000 Exception <a 'java/lang/ArrayIndexOutOfBoundsException'> (0x00000000f05eae40) thrown at [C:\re\workspace\8-2-build-windows-amd64-cygwin\jdk8u211\12973\hotspot\src\share\vm\runtime\sharedRuntime.cpp, line 605]
Event: 24.575 Thread 0x0000000018e51000 Exception <a 'java/lang/ArrayIndexOutOfBoundsException'> (0x00000000f05edf30) thrown at [C:\re\workspace\8-2-build-windows-amd64-cygwin\jdk8u211\12973\hotspot\src\share\vm\runtime\sharedRuntime.cpp, line 605]
Event: 24.585 Thread 0x0000000018e51000 Exception <a 'java/lang/ArrayIndexOutOfBoundsException'> (0x00000000f0725f58) thrown at [C:\re\workspace\8-2-build-windows-amd64-cygwin\jdk8u211\12973\hotspot\src\share\vm\runtime\sharedRuntime.cpp, line 605]
Event: 25.064 Thread 0x0000000018e51000 Exception <a 'java/lang/ArrayIndexOutOfBoundsException'> (0x00000000f13bfc38) thrown at [C:\re\workspace\8-2-build-windows-amd64-cygwin\jdk8u211\12973\hotspot\src\share\vm\runtime\sharedRuntime.cpp, line 605]
Event: 25.081 Thread 0x0000000018e51000 Exception <a 'java/lang/ArrayIndexOutOfBoundsException'> (0x00000000f1482da8) thrown at [C:\re\workspace\8-2-build-windows-amd64-cygwin\jdk8u211\12973\hotspot\src\share\vm\runtime\sharedRuntime.cpp, line 605]
Event: 25.081 Thread 0x0000000018e51000 Exception <a 'java/lang/ArrayIndexOutOfBoundsException'> (0x00000000f1486280) thrown at [C:\re\workspace\8-2-build-windows-amd64-cygwin\jdk8u211\12973\hotspot\src\share\vm\runtime\sharedRuntime.cpp, line 605]
Event: 25.081 Thread 0x0000000018e51000 Exception <a 'java/lang/ArrayIndexOutOfBoundsException'> (0x00000000f1489d58) thrown at [C:\re\workspace\8-2-build-windows-amd64-cygwin\jdk8u211\12973\hotspot\src\share\vm\runtime\sharedRuntime.cpp, line 605]
Event: 25.081 Thread 0x0000000018e51000 Exception <a 'java/lang/ArrayIndexOutOfBoundsException'> (0x00000000f148c950) thrown at [C:\re\workspace\8-2-build-windows-amd64-cygwin\jdk8u211\12973\hotspot\src\share\vm\runtime\sharedRuntime.cpp, line 605]

Events (10 events):
Event: 25.083 loading class com/thoughtworks/xstream/mapper/ImplicitCollectionMapper$ImplicitCollectionMapperForClass
Event: 25.083 loading class com/thoughtworks/xstream/mapper/ImplicitCollectionMapper$ImplicitCollectionMapperForClass done
Event: 25.083 Thread 0x0000000018e51000 DEOPT PACKING pc=0x00000000038a6149 sp=0x000000001a00a410
Event: 25.083 Thread 0x0000000018e51000 DEOPT UNPACKING pc=0x00000000036a71d0 sp=0x000000001a00a160 mode 1
Event: 25.083 Thread 0x0000000018e51000 DEOPT PACKING pc=0x0000000003d66fb4 sp=0x000000001a00a490
Event: 25.083 Thread 0x0000000018e51000 DEOPT UNPACKING pc=0x00000000036a71d0 sp=0x000000001a00a2b0 mode 1
Event: 25.083 Thread 0x0000000018e51000 DEOPT PACKING pc=0x0000000003d66efc sp=0x000000001a00a620
Event: 25.083 Thread 0x0000000018e51000 DEOPT UNPACKING pc=0x00000000036a71d0 sp=0x000000001a00a440 mode 1
Event: 25.085 loading class com/thoughtworks/xstream/mapper/ImplicitCollectionMapper$ImplicitCollectionMappingImpl
Event: 25.085 loading class com/thoughtworks/xstream/mapper/ImplicitCollectionMapper$ImplicitCollectionMappingImpl done


Dynamic libraries:
0x00007ff670d20000 - 0x00007ff670d57000 	C:\Program Files\Java\jdk1.8.0_211\bin\java.exe
0x00007ffd38300000 - 0x00007ffd384f0000 	C:\Windows\SYSTEM32\ntdll.dll
0x00007ffd37940000 - 0x00007ffd379f2000 	C:\Windows\System32\KERNEL32.DLL
0x00007ffd35f80000 - 0x00007ffd36222000 	C:\Windows\System32\KERNELBASE.dll
0x00007ffd37890000 - 0x00007ffd37933000 	C:\Windows\System32\ADVAPI32.dll
0x00007ffd381a0000 - 0x00007ffd3823e000 	C:\Windows\System32\msvcrt.dll
0x00007ffd375f0000 - 0x00007ffd37687000 	C:\Windows\System32\sechost.dll
0x00007ffd37490000 - 0x00007ffd375b0000 	C:\Windows\System32\RPCRT4.dll
0x00007ffd36660000 - 0x00007ffd367f3000 	C:\Windows\System32\USER32.dll
0x00007ffd35ef0000 - 0x00007ffd35f11000 	C:\Windows\System32\win32u.dll
0x00007ffd36860000 - 0x00007ffd36886000 	C:\Windows\System32\GDI32.dll
0x00007ffd35390000 - 0x00007ffd35524000 	C:\Windows\System32\gdi32full.dll
0x00007ffd35530000 - 0x00007ffd355ce000 	C:\Windows\System32\msvcp_win.dll
0x00007ffd36230000 - 0x00007ffd3632a000 	C:\Windows\System32\ucrtbase.dll
0x00007ffd263d0000 - 0x00007ffd26655000 	C:\Windows\WinSxS\amd64_microsoft.windows.common-controls_6595b64144ccf1df_6.0.18362.86_none_a143621e519dc228\COMCTL32.dll
0x00007ffd370c0000 - 0x00007ffd373f6000 	C:\Windows\System32\combase.dll
0x00007ffd36330000 - 0x00007ffd363b1000 	C:\Windows\System32\bcryptPrimitives.dll
0x00007ffd375c0000 - 0x00007ffd375ee000 	C:\Windows\System32\IMM32.DLL
0x0000000059580000 - 0x0000000059652000 	C:\Program Files\Java\jdk1.8.0_211\jre\bin\msvcr100.dll
0x0000000058cd0000 - 0x0000000059575000 	C:\Program Files\Java\jdk1.8.0_211\jre\bin\server\jvm.dll
0x00007ffd37480000 - 0x00007ffd37488000 	C:\Windows\System32\PSAPI.DLL
0x00007ffd331d0000 - 0x00007ffd331f4000 	C:\Windows\SYSTEM32\WINMM.dll
0x00007ffd31bd0000 - 0x00007ffd31bd9000 	C:\Windows\SYSTEM32\WSOCK32.dll
0x00007ffd363e0000 - 0x00007ffd3644f000 	C:\Windows\System32\WS2_32.dll
0x00007ffd32d50000 - 0x00007ffd32d7d000 	C:\Windows\SYSTEM32\winmmbase.dll
0x00007ffd35ea0000 - 0x00007ffd35eea000 	C:\Windows\System32\cfgmgr32.dll
0x00007ffd2e510000 - 0x00007ffd2e51a000 	C:\Windows\SYSTEM32\VERSION.dll
0x00007ffd31d20000 - 0x00007ffd31d2f000 	C:\Program Files\Java\jdk1.8.0_211\jre\bin\verify.dll
0x00007ffd2e4a0000 - 0x00007ffd2e4c9000 	C:\Program Files\Java\jdk1.8.0_211\jre\bin\java.dll
0x00007ffd2db90000 - 0x00007ffd2dbc5000 	C:\Program Files\Java\jdk1.8.0_211\jre\bin\jdwp.dll
0x00007ffd302c0000 - 0x00007ffd302c8000 	C:\Program Files\Java\jdk1.8.0_211\jre\bin\npt.dll
0x00007ffd295a0000 - 0x00007ffd295c3000 	C:\Program Files\Java\jdk1.8.0_211\jre\bin\instrument.dll
0x00007ffd31d00000 - 0x00007ffd31d16000 	C:\Program Files\Java\jdk1.8.0_211\jre\bin\zip.dll
0x00007ffd369e0000 - 0x00007ffd370c0000 	C:\Windows\System32\SHELL32.dll
0x00007ffd365b0000 - 0x00007ffd36659000 	C:\Windows\System32\shcore.dll
0x00007ffd355d0000 - 0x00007ffd35d4b000 	C:\Windows\System32\windows.storage.dll
0x00007ffd35250000 - 0x00007ffd3526f000 	C:\Windows\System32\profapi.dll
0x00007ffd351e0000 - 0x00007ffd3522a000 	C:\Windows\System32\powrprof.dll
0x00007ffd351d0000 - 0x00007ffd351e0000 	C:\Windows\System32\UMPDC.dll
0x00007ffd36800000 - 0x00007ffd36852000 	C:\Windows\System32\shlwapi.dll
0x00007ffd35230000 - 0x00007ffd35241000 	C:\Windows\System32\kernel.appcore.dll
0x00007ffd352c0000 - 0x00007ffd352d7000 	C:\Windows\System32\cryptsp.dll
0x00007ffd2b650000 - 0x00007ffd2b659000 	C:\Program Files\Java\jdk1.8.0_211\jre\bin\dt_socket.dll
0x00007ffd349e0000 - 0x00007ffd34a47000 	C:\Windows\system32\mswsock.dll
0x00007ffd2dfa0000 - 0x00007ffd2dfba000 	C:\Program Files\Java\jdk1.8.0_211\jre\bin\net.dll
0x00007ffd2b760000 - 0x00007ffd2b934000 	C:\Windows\SYSTEM32\urlmon.dll
0x00007ffd2be10000 - 0x00007ffd2c0b6000 	C:\Windows\SYSTEM32\iertutil.dll
0x00007ffd34bb0000 - 0x00007ffd34bbc000 	C:\Windows\SYSTEM32\CRYPTBASE.DLL
0x00007ffd34780000 - 0x00007ffd3484a000 	C:\Windows\SYSTEM32\DNSAPI.dll
0x00007ffd369d0000 - 0x00007ffd369d8000 	C:\Windows\System32\NSI.dll
0x00007ffd34740000 - 0x00007ffd3477a000 	C:\Windows\SYSTEM32\IPHLPAPI.DLL
0x00007ffd2dab0000 - 0x00007ffd2daba000 	C:\Windows\System32\rasadhlp.dll
0x00007ffd2e890000 - 0x00007ffd2e907000 	C:\Windows\System32\fwpuclnt.dll
0x00007ffd35290000 - 0x00007ffd352b6000 	C:\Windows\System32\bcrypt.dll
0x00007ffd302d0000 - 0x00007ffd302dd000 	C:\Program Files\Java\jdk1.8.0_211\jre\bin\management.dll
0x00007ffd2db70000 - 0x00007ffd2db82000 	C:\Program Files\Java\jdk1.8.0_211\jre\bin\nio.dll
0x00007ffd2f630000 - 0x00007ffd2f646000 	C:\Windows\SYSTEM32\dhcpcsvc6.DLL
0x00007ffd2f610000 - 0x00007ffd2f62c000 	C:\Windows\SYSTEM32\dhcpcsvc.DLL
0x00007ffd2b5e0000 - 0x00007ffd2b5f6000 	C:\Windows\system32\napinsp.dll
0x00007ffd27640000 - 0x00007ffd2765a000 	C:\Windows\system32\pnrpnsp.dll
0x00007ffd2b5d0000 - 0x00007ffd2b5de000 	C:\Windows\System32\winrnr.dll
0x00007ffd31970000 - 0x00007ffd3198c000 	C:\Windows\system32\NLAapi.dll
0x00007ffd275d0000 - 0x00007ffd275e5000 	C:\Windows\system32\wshbth.dll

VM Arguments:
jvm_args: -agentlib:jdwp=transport=dt_socket,address=127.0.0.1:53698,suspend=y,server=n -XX:TieredStopAtLevel=1 -Xverify:none -Dspring.output.ansi.enabled=always -Dcom.sun.management.jmxremote -Dspring.jmx.enabled=true -Dspring.liveBeansView.mbeanDomain -Dspring.application.admin.enabled=true -javaagent:C:\Users\Administrator\AppData\Local\JetBrains\IntelliJIdea2020.1\captureAgent\debugger-agent.jar -Dfile.encoding=UTF-8 
java_command: com.springcloud.test.EurekaMain
java_class_path (initial): C:\Program Files\Java\jdk1.8.0_211\jre\lib\charsets.jar;C:\Program Files\Java\jdk1.8.0_211\jre\lib\deploy.jar;C:\Program Files\Java\jdk1.8.0_211\jre\lib\ext\access-bridge-64.jar;C:\Program Files\Java\jdk1.8.0_211\jre\lib\ext\cldrdata.jar;C:\Program Files\Java\jdk1.8.0_211\jre\lib\ext\dnsns.jar;C:\Program Files\Java\jdk1.8.0_211\jre\lib\ext\jaccess.jar;C:\Program Files\Java\jdk1.8.0_211\jre\lib\ext\jfxrt.jar;C:\Program Files\Java\jdk1.8.0_211\jre\lib\ext\localedata.jar;C:\Program Files\Java\jdk1.8.0_211\jre\lib\ext\nashorn.jar;C:\Program Files\Java\jdk1.8.0_211\jre\lib\ext\sunec.jar;C:\Program Files\Java\jdk1.8.0_211\jre\lib\ext\sunjce_provider.jar;C:\Program Files\Java\jdk1.8.0_211\jre\lib\ext\sunmscapi.jar;C:\Program Files\Java\jdk1.8.0_211\jre\lib\ext\sunpkcs11.jar;C:\Program Files\Java\jdk1.8.0_211\jre\lib\ext\zipfs.jar;C:\Program Files\Java\jdk1.8.0_211\jre\lib\javaws.jar;C:\Program Files\Java\jdk1.8.0_211\jre\lib\jce.jar;C:\Program Files\Java\jdk1.8.0_211\jre\lib\jfr.jar;C:\Program Files\Java\jdk1.8.0_211\jre\lib\jfxswt.jar;C:\Program Files\Java\jdk1.8.0_211\jre\lib\jsse.jar;C:\Program Files\Java\jdk1.8.0_211\jre\lib\management-agent.jar;C:\Program Files\Java\jdk1.8.0_211\jre\lib\plugin.jar;C:\Program Files\Java\jdk1.8.0_211\jre\lib\resources.jar;C:\Program Files\Java\jdk1.8.0_211\jre\lib\rt.jar;C:\shijian\springcloud\cloud-eureka-server7001\target\classes;C:\Program Files\maven\repsotity\org\springframework\cloud\spring-cloud-starter-netflix-eureka-server\2.2.1.RELEASE\spring-cloud-starter-netflix-eureka-server-2.2.1.RELEASE.jar;C:\Program Files\maven\repsotity\org\springframework\cloud\spring-cloud-starter\2.2.1.RELEASE\spring-cloud-starter-2.2.1.RELEASE.jar;C:\Program Files\maven\repsotity\org\springframework\cloud\spring-cloud-context\2.2.1.RELEASE\spring-cloud-context-2.2.1.RELEASE.jar;C:\Program Files\maven\repsotity\org\springframework\security\spring-security-crypto\5.2.1.RELEASE\spring-security-crypto-5.2.1.RELEASE.jar;C:\P
Launcher Type: SUN_STANDARD

Environment Variables:
JAVA_HOME=C:\Program Files\Java\jdk1.8.0_211
CLASSPATH=.;C:\Program Files\Java\jdk1.8.0_211\bin;C:\Program Files\Java\jdk1.8.0_211\lib\dt.jar;C:\Program Files\Java\jdk1.8.0_211\lib\tools.jar
PATH=C:\Program Files (x86)\Common Files\Oracle\Java\javapath;C:\Windows\system32;C:\Windows;C:\Windows\System32\Wbem;C:\Windows\System32\WindowsPowerShell\v1.0\;C:\Windows\System32\OpenSSH\;C:\Program Files\Java\jdk1.8.0_211\bin;C:\Program Files\Java\jdk1.8.0_211\jre\bin;C:\Program Files\tomcat\apache-tomcat-8.5.38\bin;C:\Program Files\maven\apache-maven-3.6.1\bin\;C:\Program Files\Git\cmd;C:\Program Files\nodejs\;C:\Program Files\MySQL\MySQL Server 5.5\bin;C:\Users\Administrator\AppData\Local\Microsoft\WindowsApps;C:\Users\Administrator\AppData\Roaming\npm
USERNAME=Administrator
OS=Windows_NT
PROCESSOR_IDENTIFIER=Intel64 Family 6 Model 23 Stepping 10, GenuineIntel



---------------  S Y S T E M  ---------------

OS: Windows 10.0 , 64 bit Build 18362 (10.0.18362.86)

CPU:total 4 (initial active 4) (4 cores per cpu, 1 threads per core) family 6 model 23 stepping 10, cmov, cx8, fxsr, mmx, sse, sse2, sse3, ssse3, sse4.1, tsc

Memory: 4k page, physical 4158708k(321856k free), swap 8324560k(432k free)

vm_info: Java HotSpot(TM) 64-Bit Server VM (25.211-b12) for windows-amd64 JRE (1.8.0_211-b12), built on Apr  1 2019 20:53:26 by "java_re" with MS VC++ 10.0 (VS2010)

time: Fri Jun 19 15:50:07 2020
timezone: 中国标准时间
elapsed time: 25 seconds (0d 0h 0m 25s)

